<?xml version="1.0" encoding="UTF-8"?>
<coverage generated="1771805434740" clover="3.2.0">
  <project timestamp="1771805434740" name="All files">
    <metrics statements="343" coveredstatements="286" conditionals="148" coveredconditionals="89" methods="31" coveredmethods="26" elements="522" coveredelements="401" complexity="0" loc="343" ncloc="343" packages="1" files="1" classes="1"/>
    <file name="executor.ts" path="C:\Users\ysk41\dev\anti-crow\src\executor.ts">
      <metrics statements="343" coveredstatements="286" conditionals="148" coveredconditionals="89" methods="31" coveredmethods="26"/>
      <line num="34" count="1" type="stmt"/>
      <line num="36" count="1" type="stmt"/>
      <line num="38" count="1" type="stmt"/>
      <line num="51" count="29" type="stmt"/>
      <line num="52" count="29" type="stmt"/>
      <line num="53" count="29" type="stmt"/>
      <line num="54" count="29" type="stmt"/>
      <line num="55" count="29" type="stmt"/>
      <line num="56" count="29" type="stmt"/>
      <line num="57" count="29" type="stmt"/>
      <line num="58" count="29" type="stmt"/>
      <line num="59" count="29" type="stmt"/>
      <line num="60" count="29" type="stmt"/>
      <line num="61" count="29" type="stmt"/>
      <line num="62" count="29" type="stmt"/>
      <line num="64" count="29" type="stmt"/>
      <line num="65" count="29" type="stmt"/>
      <line num="66" count="29" type="stmt"/>
      <line num="67" count="29" type="stmt"/>
      <line num="68" count="29" type="stmt"/>
      <line num="71" count="29" type="stmt"/>
      <line num="72" count="29" type="stmt"/>
      <line num="73" count="29" type="stmt"/>
      <line num="74" count="29" type="stmt"/>
      <line num="75" count="29" type="stmt"/>
      <line num="76" count="29" type="stmt"/>
      <line num="77" count="29" type="cond" truecount="1" falsecount="1"/>
      <line num="78" count="29" type="cond" truecount="1" falsecount="1"/>
      <line num="81" count="29" type="stmt"/>
      <line num="82" count="29" type="stmt"/>
      <line num="83" count="29" type="stmt"/>
      <line num="90" count="29" type="stmt"/>
      <line num="91" count="29" type="stmt"/>
      <line num="96" count="29" type="stmt"/>
      <line num="97" count="29" type="stmt"/>
      <line num="102" count="51" type="stmt"/>
      <line num="103" count="51" type="stmt"/>
      <line num="104" count="51" type="stmt"/>
      <line num="105" count="51" type="stmt"/>
      <line num="106" count="51" type="cond" truecount="1" falsecount="1"/>
      <line num="107" count="0" type="stmt"/>
      <line num="108" count="0" type="stmt"/>
      <line num="111" count="0" type="stmt"/>
      <line num="118" count="34" type="cond" truecount="2" falsecount="0"/>
      <line num="119" count="1" type="stmt"/>
      <line num="120" count="1" type="stmt"/>
      <line num="123" count="33" type="cond" truecount="2" falsecount="0"/>
      <line num="124" count="1" type="stmt"/>
      <line num="125" count="1" type="stmt"/>
      <line num="127" count="32" type="stmt"/>
      <line num="128" count="32" type="stmt"/>
      <line num="129" count="32" type="stmt"/>
      <line num="130" count="32" type="stmt"/>
      <line num="131" count="32" type="stmt"/>
      <line num="137" count="17" type="stmt"/>
      <line num="142" count="1" type="stmt"/>
      <line num="147" count="32" type="cond" truecount="2" falsecount="0"/>
      <line num="148" count="22" type="stmt"/>
      <line num="149" count="22" type="stmt"/>
      <line num="151" count="22" type="cond" truecount="2" falsecount="0"/>
      <line num="152" count="23" type="stmt"/>
      <line num="153" count="23" type="stmt"/>
      <line num="154" count="23" type="stmt"/>
      <line num="156" count="23" type="stmt"/>
      <line num="157" count="23" type="stmt"/>
      <line num="158" count="23" type="stmt"/>
      <line num="160" count="23" type="cond" truecount="3" falsecount="0"/>
      <line num="161" count="23" type="cond" truecount="1" falsecount="1"/>
      <line num="162" count="0" type="stmt"/>
      <line num="163" count="0" type="stmt"/>
      <line num="165" count="23" type="stmt"/>
      <line num="166" count="23" type="stmt"/>
      <line num="167" count="12" type="stmt"/>
      <line num="170" count="2" type="cond" truecount="1" falsecount="1"/>
      <line num="171" count="0" type="stmt"/>
      <line num="172" count="0" type="stmt"/>
      <line num="173" count="0" type="stmt"/>
      <line num="177" count="2" type="cond" truecount="2" falsecount="0"/>
      <line num="178" count="1" type="stmt"/>
      <line num="179" count="1" type="stmt"/>
      <line num="180" count="1" type="stmt"/>
      <line num="182" count="1" type="stmt"/>
      <line num="183" count="1" type="stmt"/>
      <line num="186" count="1" type="cond" truecount="1" falsecount="1"/>
      <line num="187" count="2" type="stmt"/>
      <line num="188" count="2" type="cond" truecount="2" falsecount="0"/>
      <line num="190" count="1" type="cond" truecount="1" falsecount="1"/>
      <line num="191" count="1" type="cond" truecount="1" falsecount="1"/>
      <line num="192" count="1" type="stmt"/>
      <line num="193" count="1" type="stmt"/>
      <line num="195" count="1" type="stmt"/>
      <line num="200" count="14" type="stmt"/>
      <line num="201" count="14" type="cond" truecount="1" falsecount="1"/>
      <line num="202" count="14" type="stmt"/>
      <line num="203" count="14" type="stmt"/>
      <line num="205" count="14" type="stmt"/>
      <line num="208" count="13" type="stmt"/>
      <line num="213" count="23" type="stmt"/>
      <line num="214" count="23" type="stmt"/>
      <line num="215" count="23" type="stmt"/>
      <line num="216" count="23" type="stmt"/>
      <line num="218" count="23" type="stmt"/>
      <line num="220" count="23" type="cond" truecount="2" falsecount="0"/>
      <line num="221" count="2" type="stmt"/>
      <line num="222" count="2" type="cond" truecount="1" falsecount="1"/>
      <line num="223" count="2" type="stmt"/>
      <line num="224" count="2" type="stmt"/>
      <line num="225" count="2" type="stmt"/>
      <line num="226" count="2" type="stmt"/>
      <line num="227" count="1" type="stmt"/>
      <line num="230" count="2" type="cond" truecount="2" falsecount="0"/>
      <line num="231" count="1" type="stmt"/>
      <line num="232" count="1" type="stmt"/>
      <line num="233" count="1" type="stmt"/>
      <line num="234" count="1" type="stmt"/>
      <line num="235" count="1" type="stmt"/>
      <line num="236" count="0" type="stmt"/>
      <line num="238" count="0" type="cond" truecount="0" falsecount="2"/>
      <line num="242" count="2" type="cond" truecount="2" falsecount="0"/>
      <line num="243" count="1" type="stmt"/>
      <line num="244" count="1" type="stmt"/>
      <line num="246" count="1" type="stmt"/>
      <line num="247" count="1" type="stmt"/>
      <line num="249" count="1" type="stmt"/>
      <line num="250" count="1" type="stmt"/>
      <line num="256" count="22" type="cond" truecount="2" falsecount="0"/>
      <line num="258" count="23" type="stmt"/>
      <line num="259" count="23" type="stmt"/>
      <line num="262" count="22" type="stmt"/>
      <line num="263" count="22" type="stmt"/>
      <line num="264" count="22" type="cond" truecount="3" falsecount="0"/>
      <line num="265" count="23" type="cond" truecount="2" falsecount="0"/>
      <line num="266" count="22" type="stmt"/>
      <line num="268" count="22" type="cond" truecount="1" falsecount="1"/>
      <line num="269" count="22" type="stmt"/>
      <line num="274" count="22" type="stmt"/>
      <line num="278" count="22" type="stmt"/>
      <line num="279" count="22" type="cond" truecount="2" falsecount="0"/>
      <line num="280" count="23" type="stmt"/>
      <line num="283" count="22" type="stmt"/>
      <line num="284" count="22" type="stmt"/>
      <line num="287" count="22" type="stmt"/>
      <line num="288" count="22" type="stmt"/>
      <line num="291" count="22" type="stmt"/>
      <line num="292" count="22" type="stmt"/>
      <line num="293" count="22" type="stmt"/>
      <line num="296" count="22" type="stmt"/>
      <line num="297" count="22" type="stmt"/>
      <line num="298" count="22" type="stmt"/>
      <line num="299" count="22" type="stmt"/>
      <line num="300" count="22" type="stmt"/>
      <line num="301" count="22" type="stmt"/>
      <line num="302" count="22" type="stmt"/>
      <line num="303" count="22" type="stmt"/>
      <line num="304" count="22" type="stmt"/>
      <line num="307" count="22" type="cond" truecount="1" falsecount="1"/>
      <line num="311" count="23" type="cond" truecount="1" falsecount="1"/>
      <line num="313" count="22" type="stmt"/>
      <line num="320" count="22" type="stmt"/>
      <line num="321" count="22" type="stmt"/>
      <line num="322" count="22" type="cond" truecount="4" falsecount="0"/>
      <line num="323" count="1" type="stmt"/>
      <line num="324" count="1" type="stmt"/>
      <line num="326" count="22" type="cond" truecount="1" falsecount="1"/>
      <line num="327" count="0" type="stmt"/>
      <line num="328" count="0" type="stmt"/>
      <line num="330" count="22" type="cond" truecount="1" falsecount="1"/>
      <line num="331" count="0" type="stmt"/>
      <line num="332" count="0" type="stmt"/>
      <line num="334" count="22" type="stmt"/>
      <line num="337" count="0" type="stmt"/>
      <line num="338" count="0" type="cond" truecount="0" falsecount="4"/>
      <line num="339" count="0" type="stmt"/>
      <line num="340" count="0" type="stmt"/>
      <line num="341" count="0" type="stmt"/>
      <line num="344" count="0" type="cond" truecount="0" falsecount="2"/>
      <line num="345" count="0" type="stmt"/>
      <line num="347" count="0" type="cond" truecount="0" falsecount="2"/>
      <line num="348" count="0" type="stmt"/>
      <line num="353" count="0" type="stmt"/>
      <line num="369" count="0" type="cond" truecount="0" falsecount="4"/>
      <line num="370" count="0" type="stmt"/>
      <line num="371" count="0" type="stmt"/>
      <line num="373" count="0" type="cond" truecount="0" falsecount="2"/>
      <line num="374" count="0" type="stmt"/>
      <line num="375" count="0" type="stmt"/>
      <line num="377" count="0" type="cond" truecount="0" falsecount="2"/>
      <line num="378" count="0" type="stmt"/>
      <line num="379" count="0" type="stmt"/>
      <line num="381" count="0" type="stmt"/>
      <line num="385" count="22" type="stmt"/>
      <line num="386" count="22" type="stmt"/>
      <line num="387" count="22" type="stmt"/>
      <line num="388" count="22" type="stmt"/>
      <line num="389" count="22" type="stmt"/>
      <line num="392" count="22" type="stmt"/>
      <line num="393" count="0" type="stmt"/>
      <line num="395" count="22" type="stmt"/>
      <line num="398" count="22" type="stmt"/>
      <line num="399" count="22" type="stmt"/>
      <line num="400" count="0" type="stmt"/>
      <line num="401" count="0" type="stmt"/>
      <line num="402" count="0" type="cond" truecount="0" falsecount="2"/>
      <line num="403" count="0" type="stmt"/>
      <line num="404" count="0" type="cond" truecount="0" falsecount="2"/>
      <line num="405" count="0" type="stmt"/>
      <line num="406" count="0" type="cond" truecount="0" falsecount="2"/>
      <line num="407" count="0" type="cond" truecount="0" falsecount="2"/>
      <line num="408" count="0" type="stmt"/>
      <line num="409" count="0" type="stmt"/>
      <line num="410" count="0" type="stmt"/>
      <line num="418" count="0" type="stmt"/>
      <line num="419" count="0" type="stmt"/>
      <line num="426" count="22" type="stmt"/>
      <line num="429" count="22" type="stmt"/>
      <line num="430" count="22" type="stmt"/>
      <line num="432" count="2" type="cond" truecount="2" falsecount="0"/>
      <line num="433" count="1" type="stmt"/>
      <line num="434" count="1" type="stmt"/>
      <line num="435" count="1" type="stmt"/>
      <line num="436" count="1" type="stmt"/>
      <line num="437" count="1" type="stmt"/>
      <line num="438" count="1" type="stmt"/>
      <line num="440" count="0" type="stmt"/>
      <line num="441" count="0" type="stmt"/>
      <line num="444" count="1" type="stmt"/>
      <line num="447" count="21" type="stmt"/>
      <line num="450" count="21" type="stmt"/>
      <line num="454" count="21" type="stmt"/>
      <line num="458" count="21" type="stmt"/>
      <line num="460" count="13" type="stmt"/>
      <line num="462" count="13" type="stmt"/>
      <line num="464" count="13" type="stmt"/>
      <line num="467" count="11" type="stmt"/>
      <line num="468" count="11" type="stmt"/>
      <line num="469" count="11" type="stmt"/>
      <line num="470" count="11" type="stmt"/>
      <line num="473" count="11" type="stmt"/>
      <line num="474" count="11" type="cond" truecount="1" falsecount="1"/>
      <line num="477" count="23" type="stmt"/>
      <line num="478" count="23" type="stmt"/>
      <line num="479" count="23" type="cond" truecount="2" falsecount="0"/>
      <line num="480" count="6" type="stmt"/>
      <line num="481" count="6" type="cond" truecount="1" falsecount="1"/>
      <line num="482" count="6" type="stmt"/>
      <line num="483" count="6" type="cond" truecount="1" falsecount="1"/>
      <line num="484" count="6" type="stmt"/>
      <line num="485" count="6" type="stmt"/>
      <line num="486" count="0" type="cond" truecount="0" falsecount="4"/>
      <line num="487" count="0" type="stmt"/>
      <line num="488" count="0" type="stmt"/>
      <line num="491" count="6" type="stmt"/>
      <line num="494" count="0" type="cond" truecount="0" falsecount="2"/>
      <line num="498" count="11" type="stmt"/>
      <line num="501" count="11" type="stmt"/>
      <line num="504" count="11" type="cond" truecount="2" falsecount="0"/>
      <line num="506" count="23" type="stmt"/>
      <line num="507" count="23" type="stmt"/>
      <line num="508" count="23" type="cond" truecount="2" falsecount="0"/>
      <line num="509" count="23" type="cond" truecount="1" falsecount="1"/>
      <line num="510" count="23" type="stmt"/>
      <line num="511" count="23" type="stmt"/>
      <line num="514" count="11" type="cond" truecount="4" falsecount="0"/>
      <line num="515" count="5" type="stmt"/>
      <line num="516" count="5" type="stmt"/>
      <line num="517" count="5" type="cond" truecount="1" falsecount="1"/>
      <line num="518" count="5" type="stmt"/>
      <line num="519" count="5" type="stmt"/>
      <line num="520" count="5" type="stmt"/>
      <line num="521" count="5" type="stmt"/>
      <line num="522" count="5" type="stmt"/>
      <line num="525" count="0" type="cond" truecount="0" falsecount="2"/>
      <line num="530" count="11" type="stmt"/>
      <line num="533" count="11" type="cond" truecount="2" falsecount="0"/>
      <line num="534" count="10" type="stmt"/>
      <line num="535" count="10" type="stmt"/>
      <line num="538" count="11" type="stmt"/>
      <line num="540" count="2" type="stmt"/>
      <line num="541" count="2" type="stmt"/>
      <line num="544" count="2" type="cond" truecount="1" falsecount="1"/>
      <line num="546" count="2" type="stmt"/>
      <line num="548" count="2" type="stmt"/>
      <line num="554" count="80" type="stmt"/>
      <line num="555" count="80" type="stmt"/>
      <line num="557" count="0" type="stmt"/>
      <line num="564" count="14" type="cond" truecount="2" falsecount="0"/>
      <line num="565" count="13" type="stmt"/>
      <line num="566" count="13" type="stmt"/>
      <line num="568" count="1" type="stmt"/>
      <line num="569" count="1" type="stmt"/>
      <line num="575" count="1" type="cond" truecount="2" falsecount="0"/>
      <line num="576" count="14" type="stmt"/>
      <line num="577" count="14" type="stmt"/>
      <line num="582" count="14" type="stmt"/>
      <line num="584" count="0" type="stmt"/>
      <line num="590" count="8" type="stmt"/>
      <line num="591" count="8" type="stmt"/>
      <line num="592" count="8" type="stmt"/>
      <line num="593" count="8" type="stmt"/>
      <line num="595" count="8" type="stmt"/>
      <line num="596" count="8" type="cond" truecount="2" falsecount="0"/>
      <line num="597" count="7" type="stmt"/>
      <line num="598" count="7" type="stmt"/>
      <line num="601" count="8" type="stmt"/>
      <line num="602" count="14" type="stmt"/>
      <line num="603" count="14" type="stmt"/>
      <line num="605" count="8" type="stmt"/>
      <line num="606" count="8" type="stmt"/>
      <line num="611" count="2" type="stmt"/>
      <line num="612" count="2" type="stmt"/>
      <line num="613" count="2" type="stmt"/>
      <line num="614" count="2" type="stmt"/>
      <line num="616" count="2" type="stmt"/>
      <line num="618" count="2" type="cond" truecount="1" falsecount="1"/>
      <line num="619" count="2" type="stmt"/>
      <line num="620" count="2" type="stmt"/>
      <line num="621" count="2" type="stmt"/>
      <line num="624" count="2" type="stmt"/>
      <line num="625" count="4" type="stmt"/>
      <line num="626" count="4" type="stmt"/>
      <line num="628" count="2" type="stmt"/>
      <line num="629" count="2" type="stmt"/>
      <line num="634" count="23" type="cond" truecount="2" falsecount="0"/>
      <line num="635" count="22" type="stmt"/>
      <line num="636" count="22" type="stmt"/>
      <line num="638" count="23" type="cond" truecount="2" falsecount="0"/>
      <line num="639" count="22" type="stmt"/>
      <line num="640" count="22" type="stmt"/>
      <line num="646" count="5" type="stmt"/>
      <line num="651" count="11" type="stmt"/>
      <line num="656" count="5" type="stmt"/>
      <line num="658" count="1" type="stmt"/>
      <line num="664" count="2" type="stmt"/>
      <line num="665" count="2" type="cond" truecount="2" falsecount="0"/>
      <line num="666" count="1" type="stmt"/>
      <line num="667" count="1" type="stmt"/>
      <line num="668" count="1" type="stmt"/>
      <line num="677" count="3" type="stmt"/>
      <line num="678" count="3" type="stmt"/>
      <line num="679" count="3" type="stmt"/>
      <line num="684" count="5" type="cond" truecount="2" falsecount="0"/>
      <line num="685" count="2" type="stmt"/>
      <line num="686" count="2" type="stmt"/>
    </file>
  </project>
</coverage>
