{"C:\\Users\\ysk41\\dev\\anti-crow\\src\\executor.ts": {"path":"C:\\Users\\ysk41\\dev\\anti-crow\\src\\executor.ts","statementMap":{"0":{"start":{"line":34,"column":34},"end":{"line":34,"column":null}},"1":{"start":{"line":36,"column":23},"end":{"line":36,"column":null}},"2":{"start":{"line":38,"column":32},"end":{"line":38,"column":null}},"3":{"start":{"line":51,"column":36},"end":{"line":51,"column":null}},"4":{"start":{"line":52,"column":37},"end":{"line":52,"column":null}},"5":{"start":{"line":53,"column":22},"end":{"line":53,"column":null}},"6":{"start":{"line":54,"column":25},"end":{"line":54,"column":null}},"7":{"start":{"line":55,"column":22},"end":{"line":55,"column":null}},"8":{"start":{"line":56,"column":54},"end":{"line":56,"column":null}},"9":{"start":{"line":57,"column":46},"end":{"line":57,"column":null}},"10":{"start":{"line":58,"column":42},"end":{"line":58,"column":null}},"11":{"start":{"line":59,"column":38},"end":{"line":59,"column":null}},"12":{"start":{"line":60,"column":42},"end":{"line":60,"column":null}},"13":{"start":{"line":61,"column":68},"end":{"line":61,"column":null}},"14":{"start":{"line":62,"column":70},"end":{"line":62,"column":null}},"15":{"start":{"line":64,"column":44},"end":{"line":64,"column":null}},"16":{"start":{"line":65,"column":45},"end":{"line":65,"column":null}},"17":{"start":{"line":66,"column":48},"end":{"line":66,"column":null}},"18":{"start":{"line":67,"column":40},"end":{"line":67,"column":null}},"19":{"start":{"line":68,"column":58},"end":{"line":68,"column":null}},"20":{"start":{"line":71,"column":8},"end":{"line":71,"column":null}},"21":{"start":{"line":72,"column":8},"end":{"line":72,"column":null}},"22":{"start":{"line":73,"column":8},"end":{"line":73,"column":null}},"23":{"start":{"line":74,"column":8},"end":{"line":74,"column":null}},"24":{"start":{"line":75,"column":8},"end":{"line":75,"column":null}},"25":{"start":{"line":76,"column":8},"end":{"line":76,"column":null}},"26":{"start":{"line":77,"column":8},"end":{"line":77,"column":null}},"27":{"start":{"line":78,"column":8},"end":{"line":78,"column":null}},"28":{"start":{"line":81,"column":8},"end":{"line":81,"column":null}},"29":{"start":{"line":82,"column":8},"end":{"line":82,"column":null}},"30":{"start":{"line":83,"column":8},"end":{"line":83,"column":null}},"31":{"start":{"line":90,"column":8},"end":{"line":90,"column":null}},"32":{"start":{"line":91,"column":8},"end":{"line":91,"column":null}},"33":{"start":{"line":96,"column":8},"end":{"line":96,"column":null}},"34":{"start":{"line":97,"column":8},"end":{"line":97,"column":null}},"35":{"start":{"line":102,"column":24},"end":{"line":102,"column":null}},"36":{"start":{"line":103,"column":25},"end":{"line":103,"column":null}},"37":{"start":{"line":104,"column":8},"end":{"line":112,"column":null}},"38":{"start":{"line":105,"column":28},"end":{"line":105,"column":null}},"39":{"start":{"line":106,"column":12},"end":{"line":109,"column":null}},"40":{"start":{"line":107,"column":16},"end":{"line":107,"column":null}},"41":{"start":{"line":108,"column":16},"end":{"line":108,"column":null}},"42":{"start":{"line":111,"column":12},"end":{"line":111,"column":null}},"43":{"start":{"line":118,"column":8},"end":{"line":121,"column":null}},"44":{"start":{"line":119,"column":12},"end":{"line":119,"column":null}},"45":{"start":{"line":120,"column":12},"end":{"line":120,"column":null}},"46":{"start":{"line":123,"column":8},"end":{"line":126,"column":null}},"47":{"start":{"line":123,"column":33},"end":{"line":123,"column":68}},"48":{"start":{"line":124,"column":12},"end":{"line":124,"column":null}},"49":{"start":{"line":125,"column":12},"end":{"line":125,"column":null}},"50":{"start":{"line":127,"column":8},"end":{"line":132,"column":null}},"51":{"start":{"line":128,"column":12},"end":{"line":128,"column":null}},"52":{"start":{"line":128,"column":68},"end":{"line":128,"column":77}},"53":{"start":{"line":129,"column":12},"end":{"line":129,"column":null}},"54":{"start":{"line":130,"column":12},"end":{"line":130,"column":null}},"55":{"start":{"line":131,"column":12},"end":{"line":131,"column":null}},"56":{"start":{"line":137,"column":8},"end":{"line":137,"column":null}},"57":{"start":{"line":142,"column":8},"end":{"line":142,"column":null}},"58":{"start":{"line":147,"column":8},"end":{"line":147,"column":null}},"59":{"start":{"line":147,"column":31},"end":{"line":147,"column":39}},"60":{"start":{"line":148,"column":8},"end":{"line":148,"column":null}},"61":{"start":{"line":149,"column":8},"end":{"line":149,"column":null}},"62":{"start":{"line":151,"column":8},"end":{"line":206,"column":null}},"63":{"start":{"line":152,"column":24},"end":{"line":152,"column":null}},"64":{"start":{"line":153,"column":12},"end":{"line":153,"column":null}},"65":{"start":{"line":154,"column":12},"end":{"line":154,"column":null}},"66":{"start":{"line":156,"column":18},"end":{"line":156,"column":null}},"67":{"start":{"line":157,"column":26},"end":{"line":157,"column":null}},"68":{"start":{"line":158,"column":26},"end":{"line":158,"column":null}},"69":{"start":{"line":160,"column":12},"end":{"line":197,"column":null}},"70":{"start":{"line":161,"column":16},"end":{"line":164,"column":null}},"71":{"start":{"line":162,"column":20},"end":{"line":162,"column":null}},"72":{"start":{"line":163,"column":20},"end":{"line":163,"column":null}},"73":{"start":{"line":165,"column":16},"end":{"line":196,"column":null}},"74":{"start":{"line":166,"column":20},"end":{"line":166,"column":null}},"75":{"start":{"line":167,"column":20},"end":{"line":167,"column":null}},"76":{"start":{"line":170,"column":20},"end":{"line":174,"column":null}},"77":{"start":{"line":171,"column":24},"end":{"line":171,"column":null}},"78":{"start":{"line":172,"column":24},"end":{"line":172,"column":null}},"79":{"start":{"line":173,"column":24},"end":{"line":173,"column":null}},"80":{"start":{"line":177,"column":20},"end":{"line":184,"column":null}},"81":{"start":{"line":178,"column":39},"end":{"line":178,"column":null}},"82":{"start":{"line":179,"column":24},"end":{"line":179,"column":null}},"83":{"start":{"line":180,"column":24},"end":{"line":181,"column":null}},"84":{"start":{"line":182,"column":24},"end":{"line":182,"column":null}},"85":{"start":{"line":183,"column":24},"end":{"line":183,"column":null}},"86":{"start":{"line":186,"column":35},"end":{"line":186,"column":null}},"87":{"start":{"line":187,"column":20},"end":{"line":187,"column":null}},"88":{"start":{"line":188,"column":20},"end":{"line":194,"column":null}},"89":{"start":{"line":190,"column":46},"end":{"line":190,"column":null}},"90":{"start":{"line":191,"column":42},"end":{"line":191,"column":null}},"91":{"start":{"line":192,"column":24},"end":{"line":192,"column":null}},"92":{"start":{"line":193,"column":24},"end":{"line":193,"column":null}},"93":{"start":{"line":195,"column":20},"end":{"line":195,"column":null}},"94":{"start":{"line":200,"column":29},"end":{"line":200,"column":null}},"95":{"start":{"line":201,"column":12},"end":{"line":204,"column":null}},"96":{"start":{"line":202,"column":16},"end":{"line":202,"column":null}},"97":{"start":{"line":203,"column":16},"end":{"line":203,"column":null}},"98":{"start":{"line":205,"column":12},"end":{"line":205,"column":null}},"99":{"start":{"line":208,"column":8},"end":{"line":208,"column":null}},"100":{"start":{"line":213,"column":25},"end":{"line":213,"column":null}},"101":{"start":{"line":214,"column":30},"end":{"line":214,"column":null}},"102":{"start":{"line":215,"column":29},"end":{"line":215,"column":null}},"103":{"start":{"line":216,"column":27},"end":{"line":216,"column":null}},"104":{"start":{"line":218,"column":8},"end":{"line":549,"column":null}},"105":{"start":{"line":220,"column":12},"end":{"line":253,"column":null}},"106":{"start":{"line":221,"column":34},"end":{"line":221,"column":null}},"107":{"start":{"line":222,"column":16},"end":{"line":252,"column":null}},"108":{"start":{"line":223,"column":20},"end":{"line":223,"column":null}},"109":{"start":{"line":224,"column":33},"end":{"line":224,"column":null}},"110":{"start":{"line":225,"column":36},"end":{"line":225,"column":null}},"111":{"start":{"line":226,"column":33},"end":{"line":227,"column":null}},"112":{"start":{"line":227,"column":24},"end":{"line":227,"column":87}},"113":{"start":{"line":230,"column":20},"end":{"line":240,"column":null}},"114":{"start":{"line":231,"column":24},"end":{"line":231,"column":null}},"115":{"start":{"line":232,"column":24},"end":{"line":239,"column":null}},"116":{"start":{"line":233,"column":28},"end":{"line":233,"column":null}},"117":{"start":{"line":234,"column":28},"end":{"line":234,"column":null}},"118":{"start":{"line":235,"column":28},"end":{"line":236,"column":null}},"119":{"start":{"line":236,"column":32},"end":{"line":236,"column":95}},"120":{"start":{"line":238,"column":28},"end":{"line":238,"column":null}},"121":{"start":{"line":242,"column":20},"end":{"line":251,"column":null}},"122":{"start":{"line":243,"column":24},"end":{"line":243,"column":null}},"123":{"start":{"line":244,"column":24},"end":{"line":244,"column":null}},"124":{"start":{"line":246,"column":24},"end":{"line":246,"column":null}},"125":{"start":{"line":247,"column":24},"end":{"line":248,"column":null}},"126":{"start":{"line":249,"column":24},"end":{"line":249,"column":null}},"127":{"start":{"line":250,"column":24},"end":{"line":250,"column":null}},"128":{"start":{"line":256,"column":29},"end":{"line":257,"column":null}},"129":{"start":{"line":258,"column":12},"end":{"line":258,"column":null}},"130":{"start":{"line":259,"column":12},"end":{"line":259,"column":null}},"131":{"start":{"line":262,"column":12},"end":{"line":271,"column":null}},"132":{"start":{"line":263,"column":46},"end":{"line":263,"column":null}},"133":{"start":{"line":264,"column":32},"end":{"line":264,"column":null}},"134":{"start":{"line":265,"column":16},"end":{"line":267,"column":null}},"135":{"start":{"line":266,"column":20},"end":{"line":266,"column":null}},"136":{"start":{"line":268,"column":16},"end":{"line":270,"column":null}},"137":{"start":{"line":269,"column":20},"end":{"line":269,"column":null}},"138":{"start":{"line":274,"column":12},"end":{"line":274,"column":null}},"139":{"start":{"line":278,"column":22},"end":{"line":278,"column":null}},"140":{"start":{"line":279,"column":31},"end":{"line":279,"column":null}},"141":{"start":{"line":280,"column":16},"end":{"line":280,"column":null}},"142":{"start":{"line":283,"column":12},"end":{"line":283,"column":null}},"143":{"start":{"line":284,"column":12},"end":{"line":284,"column":null}},"144":{"start":{"line":287,"column":12},"end":{"line":287,"column":null}},"145":{"start":{"line":288,"column":31},"end":{"line":288,"column":null}},"146":{"start":{"line":291,"column":48},"end":{"line":291,"column":null}},"147":{"start":{"line":292,"column":12},"end":{"line":292,"column":null}},"148":{"start":{"line":293,"column":12},"end":{"line":293,"column":null}},"149":{"start":{"line":296,"column":29},"end":{"line":296,"column":null}},"150":{"start":{"line":297,"column":27},"end":{"line":297,"column":null}},"151":{"start":{"line":298,"column":25},"end":{"line":298,"column":null}},"152":{"start":{"line":299,"column":26},"end":{"line":299,"column":null}},"153":{"start":{"line":300,"column":24},"end":{"line":300,"column":null}},"154":{"start":{"line":301,"column":24},"end":{"line":301,"column":null}},"155":{"start":{"line":302,"column":26},"end":{"line":302,"column":null}},"156":{"start":{"line":303,"column":28},"end":{"line":303,"column":null}},"157":{"start":{"line":304,"column":32},"end":{"line":304,"column":null}},"158":{"start":{"line":307,"column":32},"end":{"line":307,"column":null}},"159":{"start":{"line":311,"column":12},"end":{"line":382,"column":null}},"160":{"start":{"line":313,"column":31},"end":{"line":318,"column":null}},"161":{"start":{"line":320,"column":16},"end":{"line":350,"column":null}},"162":{"start":{"line":321,"column":35},"end":{"line":321,"column":null}},"163":{"start":{"line":322,"column":20},"end":{"line":325,"column":null}},"164":{"start":{"line":323,"column":24},"end":{"line":323,"column":null}},"165":{"start":{"line":324,"column":24},"end":{"line":324,"column":null}},"166":{"start":{"line":326,"column":20},"end":{"line":329,"column":null}},"167":{"start":{"line":327,"column":24},"end":{"line":327,"column":null}},"168":{"start":{"line":328,"column":24},"end":{"line":328,"column":null}},"169":{"start":{"line":330,"column":20},"end":{"line":333,"column":null}},"170":{"start":{"line":331,"column":24},"end":{"line":331,"column":null}},"171":{"start":{"line":332,"column":24},"end":{"line":332,"column":null}},"172":{"start":{"line":334,"column":20},"end":{"line":334,"column":null}},"173":{"start":{"line":337,"column":20},"end":{"line":337,"column":null}},"174":{"start":{"line":338,"column":20},"end":{"line":343,"column":null}},"175":{"start":{"line":339,"column":24},"end":{"line":339,"column":null}},"176":{"start":{"line":340,"column":24},"end":{"line":342,"column":null}},"177":{"start":{"line":341,"column":28},"end":{"line":341,"column":null}},"178":{"start":{"line":344,"column":20},"end":{"line":346,"column":null}},"179":{"start":{"line":345,"column":24},"end":{"line":345,"column":null}},"180":{"start":{"line":347,"column":20},"end":{"line":349,"column":null}},"181":{"start":{"line":348,"column":24},"end":{"line":348,"column":null}},"182":{"start":{"line":353,"column":59},"end":{"line":368,"column":null}},"183":{"start":{"line":369,"column":16},"end":{"line":372,"column":null}},"184":{"start":{"line":370,"column":20},"end":{"line":370,"column":null}},"185":{"start":{"line":371,"column":20},"end":{"line":371,"column":null}},"186":{"start":{"line":373,"column":16},"end":{"line":376,"column":null}},"187":{"start":{"line":374,"column":20},"end":{"line":374,"column":null}},"188":{"start":{"line":375,"column":20},"end":{"line":375,"column":null}},"189":{"start":{"line":377,"column":16},"end":{"line":380,"column":null}},"190":{"start":{"line":378,"column":20},"end":{"line":378,"column":null}},"191":{"start":{"line":379,"column":20},"end":{"line":379,"column":null}},"192":{"start":{"line":381,"column":16},"end":{"line":381,"column":null}},"193":{"start":{"line":385,"column":27},"end":{"line":385,"column":null}},"194":{"start":{"line":386,"column":32},"end":{"line":386,"column":null}},"195":{"start":{"line":387,"column":12},"end":{"line":387,"column":null}},"196":{"start":{"line":388,"column":12},"end":{"line":388,"column":null}},"197":{"start":{"line":389,"column":35},"end":{"line":389,"column":null}},"198":{"start":{"line":392,"column":12},"end":{"line":394,"column":null}},"199":{"start":{"line":393,"column":16},"end":{"line":393,"column":null}},"200":{"start":{"line":393,"column":22},"end":{"line":393,"column":69}},"201":{"start":{"line":393,"column":83},"end":{"line":393,"column":130}},"202":{"start":{"line":395,"column":12},"end":{"line":395,"column":null}},"203":{"start":{"line":395,"column":18},"end":{"line":395,"column":65}},"204":{"start":{"line":395,"column":79},"end":{"line":395,"column":126}},"205":{"start":{"line":398,"column":38},"end":{"line":398,"column":null}},"206":{"start":{"line":399,"column":12},"end":{"line":423,"column":null}},"207":{"start":{"line":400,"column":16},"end":{"line":415,"column":null}},"208":{"start":{"line":401,"column":37},"end":{"line":401,"column":null}},"209":{"start":{"line":402,"column":20},"end":{"line":412,"column":null}},"210":{"start":{"line":403,"column":47},"end":{"line":403,"column":null}},"211":{"start":{"line":404,"column":24},"end":{"line":411,"column":null}},"212":{"start":{"line":405,"column":28},"end":{"line":405,"column":null}},"213":{"start":{"line":406,"column":47},"end":{"line":406,"column":null}},"214":{"start":{"line":407,"column":46},"end":{"line":407,"column":null}},"215":{"start":{"line":408,"column":48},"end":{"line":408,"column":null}},"216":{"start":{"line":409,"column":28},"end":{"line":409,"column":null}},"217":{"start":{"line":410,"column":28},"end":{"line":410,"column":null}},"218":{"start":{"line":418,"column":16},"end":{"line":422,"column":null}},"219":{"start":{"line":419,"column":20},"end":{"line":419,"column":null}},"220":{"start":{"line":426,"column":12},"end":{"line":465,"column":null}},"221":{"start":{"line":429,"column":16},"end":{"line":446,"column":null}},"222":{"start":{"line":430,"column":20},"end":{"line":430,"column":null}},"223":{"start":{"line":432,"column":20},"end":{"line":445,"column":null}},"224":{"start":{"line":433,"column":24},"end":{"line":433,"column":null}},"225":{"start":{"line":434,"column":24},"end":{"line":434,"column":null}},"226":{"start":{"line":435,"column":24},"end":{"line":442,"column":null}},"227":{"start":{"line":436,"column":28},"end":{"line":436,"column":null}},"228":{"start":{"line":437,"column":28},"end":{"line":437,"column":null}},"229":{"start":{"line":438,"column":28},"end":{"line":438,"column":null}},"230":{"start":{"line":440,"column":28},"end":{"line":440,"column":null}},"231":{"start":{"line":441,"column":28},"end":{"line":441,"column":null}},"232":{"start":{"line":444,"column":24},"end":{"line":444,"column":null}},"233":{"start":{"line":447,"column":16},"end":{"line":447,"column":null}},"234":{"start":{"line":450,"column":16},"end":{"line":450,"column":null}},"235":{"start":{"line":454,"column":16},"end":{"line":454,"column":null}},"236":{"start":{"line":458,"column":16},"end":{"line":458,"column":null}},"237":{"start":{"line":460,"column":16},"end":{"line":460,"column":null}},"238":{"start":{"line":462,"column":16},"end":{"line":462,"column":null}},"239":{"start":{"line":464,"column":16},"end":{"line":464,"column":null}},"240":{"start":{"line":464,"column":22},"end":{"line":464,"column":50}},"241":{"start":{"line":467,"column":12},"end":{"line":467,"column":null}},"242":{"start":{"line":468,"column":12},"end":{"line":468,"column":null}},"243":{"start":{"line":469,"column":31},"end":{"line":469,"column":null}},"244":{"start":{"line":470,"column":12},"end":{"line":470,"column":null}},"245":{"start":{"line":473,"column":31},"end":{"line":473,"column":null}},"246":{"start":{"line":474,"column":28},"end":{"line":474,"column":null}},"247":{"start":{"line":477,"column":12},"end":{"line":495,"column":null}},"248":{"start":{"line":478,"column":22},"end":{"line":478,"column":null}},"249":{"start":{"line":479,"column":16},"end":{"line":492,"column":null}},"250":{"start":{"line":480,"column":26},"end":{"line":480,"column":null}},"251":{"start":{"line":481,"column":35},"end":{"line":481,"column":null}},"252":{"start":{"line":482,"column":20},"end":{"line":490,"column":null}},"253":{"start":{"line":483,"column":24},"end":{"line":489,"column":null}},"254":{"start":{"line":484,"column":28},"end":{"line":484,"column":null}},"255":{"start":{"line":485,"column":28},"end":{"line":485,"column":null}},"256":{"start":{"line":486,"column":24},"end":{"line":489,"column":null}},"257":{"start":{"line":487,"column":28},"end":{"line":487,"column":null}},"258":{"start":{"line":488,"column":28},"end":{"line":488,"column":null}},"259":{"start":{"line":491,"column":20},"end":{"line":491,"column":null}},"260":{"start":{"line":494,"column":16},"end":{"line":494,"column":null}},"261":{"start":{"line":498,"column":18},"end":{"line":498,"column":null}},"262":{"start":{"line":501,"column":46},"end":{"line":501,"column":null}},"263":{"start":{"line":504,"column":27},"end":{"line":504,"column":null}},"264":{"start":{"line":506,"column":31},"end":{"line":506,"column":null}},"265":{"start":{"line":507,"column":33},"end":{"line":507,"column":null}},"266":{"start":{"line":508,"column":32},"end":{"line":508,"column":null}},"267":{"start":{"line":509,"column":30},"end":{"line":509,"column":null}},"268":{"start":{"line":510,"column":12},"end":{"line":510,"column":null}},"269":{"start":{"line":511,"column":12},"end":{"line":511,"column":null}},"270":{"start":{"line":514,"column":12},"end":{"line":527,"column":null}},"271":{"start":{"line":515,"column":16},"end":{"line":526,"column":null}},"272":{"start":{"line":516,"column":26},"end":{"line":516,"column":null}},"273":{"start":{"line":517,"column":20},"end":{"line":523,"column":null}},"274":{"start":{"line":518,"column":24},"end":{"line":518,"column":null}},"275":{"start":{"line":519,"column":30},"end":{"line":519,"column":null}},"276":{"start":{"line":520,"column":30},"end":{"line":520,"column":null}},"277":{"start":{"line":521,"column":24},"end":{"line":521,"column":null}},"278":{"start":{"line":522,"column":24},"end":{"line":522,"column":null}},"279":{"start":{"line":525,"column":20},"end":{"line":525,"column":null}},"280":{"start":{"line":530,"column":12},"end":{"line":530,"column":null}},"281":{"start":{"line":533,"column":12},"end":{"line":536,"column":null}},"282":{"start":{"line":534,"column":16},"end":{"line":534,"column":null}},"283":{"start":{"line":535,"column":16},"end":{"line":535,"column":null}},"284":{"start":{"line":535,"column":33},"end":{"line":535,"column":84}},"285":{"start":{"line":538,"column":12},"end":{"line":538,"column":null}},"286":{"start":{"line":540,"column":12},"end":{"line":540,"column":null}},"287":{"start":{"line":541,"column":12},"end":{"line":541,"column":null}},"288":{"start":{"line":544,"column":12},"end":{"line":544,"column":null}},"289":{"start":{"line":544,"column":32},"end":{"line":544,"column":157}},"290":{"start":{"line":544,"column":38},"end":{"line":544,"column":88}},"291":{"start":{"line":544,"column":102},"end":{"line":544,"column":155}},"292":{"start":{"line":546,"column":12},"end":{"line":546,"column":null}},"293":{"start":{"line":548,"column":12},"end":{"line":548,"column":null}},"294":{"start":{"line":554,"column":8},"end":{"line":558,"column":null}},"295":{"start":{"line":555,"column":12},"end":{"line":555,"column":null}},"296":{"start":{"line":557,"column":12},"end":{"line":557,"column":null}},"297":{"start":{"line":564,"column":8},"end":{"line":567,"column":null}},"298":{"start":{"line":565,"column":12},"end":{"line":565,"column":null}},"299":{"start":{"line":566,"column":12},"end":{"line":566,"column":null}},"300":{"start":{"line":568,"column":8},"end":{"line":585,"column":null}},"301":{"start":{"line":569,"column":45},"end":{"line":574,"column":null}},"302":{"start":{"line":575,"column":39},"end":{"line":575,"column":null}},"303":{"start":{"line":576,"column":31},"end":{"line":576,"column":null}},"304":{"start":{"line":577,"column":12},"end":{"line":581,"column":null}},"305":{"start":{"line":582,"column":12},"end":{"line":582,"column":null}},"306":{"start":{"line":584,"column":12},"end":{"line":584,"column":null}},"307":{"start":{"line":590,"column":8},"end":{"line":590,"column":null}},"308":{"start":{"line":591,"column":8},"end":{"line":591,"column":null}},"309":{"start":{"line":592,"column":8},"end":{"line":592,"column":null}},"310":{"start":{"line":593,"column":8},"end":{"line":593,"column":null}},"311":{"start":{"line":595,"column":8},"end":{"line":595,"column":null}},"312":{"start":{"line":596,"column":8},"end":{"line":599,"column":null}},"313":{"start":{"line":597,"column":12},"end":{"line":597,"column":null}},"314":{"start":{"line":598,"column":12},"end":{"line":598,"column":null}},"315":{"start":{"line":601,"column":8},"end":{"line":604,"column":null}},"316":{"start":{"line":602,"column":12},"end":{"line":602,"column":null}},"317":{"start":{"line":603,"column":12},"end":{"line":603,"column":null}},"318":{"start":{"line":605,"column":8},"end":{"line":605,"column":null}},"319":{"start":{"line":606,"column":8},"end":{"line":606,"column":null}},"320":{"start":{"line":611,"column":8},"end":{"line":611,"column":null}},"321":{"start":{"line":612,"column":8},"end":{"line":612,"column":null}},"322":{"start":{"line":613,"column":8},"end":{"line":613,"column":null}},"323":{"start":{"line":614,"column":8},"end":{"line":614,"column":null}},"324":{"start":{"line":616,"column":8},"end":{"line":616,"column":null}},"325":{"start":{"line":618,"column":8},"end":{"line":622,"column":null}},"326":{"start":{"line":619,"column":12},"end":{"line":619,"column":null}},"327":{"start":{"line":620,"column":12},"end":{"line":620,"column":null}},"328":{"start":{"line":621,"column":12},"end":{"line":621,"column":null}},"329":{"start":{"line":624,"column":8},"end":{"line":627,"column":null}},"330":{"start":{"line":625,"column":12},"end":{"line":625,"column":null}},"331":{"start":{"line":626,"column":12},"end":{"line":626,"column":null}},"332":{"start":{"line":628,"column":8},"end":{"line":628,"column":null}},"333":{"start":{"line":629,"column":8},"end":{"line":629,"column":null}},"334":{"start":{"line":634,"column":8},"end":{"line":637,"column":null}},"335":{"start":{"line":635,"column":12},"end":{"line":635,"column":null}},"336":{"start":{"line":636,"column":12},"end":{"line":636,"column":null}},"337":{"start":{"line":638,"column":8},"end":{"line":641,"column":null}},"338":{"start":{"line":639,"column":12},"end":{"line":639,"column":null}},"339":{"start":{"line":640,"column":12},"end":{"line":640,"column":null}},"340":{"start":{"line":646,"column":8},"end":{"line":646,"column":null}},"341":{"start":{"line":651,"column":8},"end":{"line":651,"column":null}},"342":{"start":{"line":656,"column":8},"end":{"line":659,"column":null}},"343":{"start":{"line":658,"column":41},"end":{"line":658,"column":47}},"344":{"start":{"line":664,"column":20},"end":{"line":664,"column":null}},"345":{"start":{"line":664,"column":46},"end":{"line":664,"column":71}},"346":{"start":{"line":665,"column":8},"end":{"line":665,"column":null}},"347":{"start":{"line":665,"column":26},"end":{"line":665,"column":40}},"348":{"start":{"line":666,"column":8},"end":{"line":666,"column":null}},"349":{"start":{"line":667,"column":8},"end":{"line":667,"column":null}},"350":{"start":{"line":668,"column":8},"end":{"line":668,"column":null}},"351":{"start":{"line":677,"column":8},"end":{"line":677,"column":null}},"352":{"start":{"line":678,"column":8},"end":{"line":678,"column":null}},"353":{"start":{"line":678,"column":55},"end":{"line":678,"column":72}},"354":{"start":{"line":679,"column":8},"end":{"line":679,"column":null}},"355":{"start":{"line":684,"column":8},"end":{"line":687,"column":null}},"356":{"start":{"line":685,"column":12},"end":{"line":685,"column":null}},"357":{"start":{"line":686,"column":12},"end":{"line":686,"column":null}}},"fnMap":{"0":{"name":"(anonymous_0)","decl":{"start":{"line":70,"column":4},"end":{"line":70,"column":16}},"loc":{"start":{"line":70,"column":209},"end":{"line":84,"column":null}},"line":70},"1":{"name":"(anonymous_1)","decl":{"start":{"line":89,"column":12},"end":{"line":89,"column":39}},"loc":{"start":{"line":89,"column":39},"end":{"line":92,"column":null}},"line":89},"2":{"name":"(anonymous_2)","decl":{"start":{"line":95,"column":12},"end":{"line":95,"column":36}},"loc":{"start":{"line":95,"column":36},"end":{"line":98,"column":null}},"line":95},"3":{"name":"(anonymous_3)","decl":{"start":{"line":101,"column":12},"end":{"line":101,"column":40}},"loc":{"start":{"line":101,"column":40},"end":{"line":113,"column":null}},"line":101},"4":{"name":"(anonymous_4)","decl":{"start":{"line":116,"column":4},"end":{"line":116,"column":12}},"loc":{"start":{"line":116,"column":46},"end":{"line":133,"column":null}},"line":116},"5":{"name":"(anonymous_5)","decl":{"start":{"line":123,"column":28},"end":{"line":123,"column":33}},"loc":{"start":{"line":123,"column":33},"end":{"line":123,"column":68}},"line":123},"6":{"name":"(anonymous_6)","decl":{"start":{"line":127,"column":33},"end":{"line":127,"column":34}},"loc":{"start":{"line":127,"column":46},"end":{"line":132,"column":9}},"line":127},"7":{"name":"(anonymous_7)","decl":{"start":{"line":128,"column":62},"end":{"line":128,"column":68}},"loc":{"start":{"line":128,"column":68},"end":{"line":128,"column":77}},"line":128},"8":{"name":"(anonymous_8)","decl":{"start":{"line":136,"column":4},"end":{"line":136,"column":21}},"loc":{"start":{"line":136,"column":48},"end":{"line":138,"column":null}},"line":136},"9":{"name":"(anonymous_9)","decl":{"start":{"line":141,"column":4},"end":{"line":141,"column":21}},"loc":{"start":{"line":141,"column":39},"end":{"line":143,"column":null}},"line":141},"10":{"name":"(anonymous_10)","decl":{"start":{"line":146,"column":18},"end":{"line":146,"column":48}},"loc":{"start":{"line":146,"column":48},"end":{"line":209,"column":null}},"line":146},"11":{"name":"(anonymous_11)","decl":{"start":{"line":212,"column":18},"end":{"line":212,"column":29}},"loc":{"start":{"line":212,"column":63},"end":{"line":550,"column":null}},"line":212},"12":{"name":"(anonymous_12)","decl":{"start":{"line":226,"column":48},"end":{"line":226,"column":null}},"loc":{"start":{"line":227,"column":24},"end":{"line":227,"column":87}},"line":227},"13":{"name":"(anonymous_13)","decl":{"start":{"line":235,"column":52},"end":{"line":235,"column":null}},"loc":{"start":{"line":236,"column":32},"end":{"line":236,"column":95}},"line":236},"14":{"name":"(anonymous_14)","decl":{"start":{"line":392,"column":46},"end":{"line":392,"column":58}},"loc":{"start":{"line":392,"column":58},"end":{"line":394,"column":15}},"line":392},"15":{"name":"(anonymous_15)","decl":{"start":{"line":399,"column":48},"end":{"line":399,"column":60}},"loc":{"start":{"line":399,"column":60},"end":{"line":423,"column":15}},"line":399},"16":{"name":"(anonymous_16)","decl":{"start":{"line":535,"column":27},"end":{"line":535,"column":33}},"loc":{"start":{"line":535,"column":33},"end":{"line":535,"column":84}},"line":535},"17":{"name":"(anonymous_17)","decl":{"start":{"line":553,"column":18},"end":{"line":553,"column":29}},"loc":{"start":{"line":553,"column":96},"end":{"line":559,"column":null}},"line":553},"18":{"name":"(anonymous_18)","decl":{"start":{"line":562,"column":12},"end":{"line":562,"column":28}},"loc":{"start":{"line":562,"column":107},"end":{"line":586,"column":null}},"line":562},"19":{"name":"(anonymous_19)","decl":{"start":{"line":589,"column":4},"end":{"line":589,"column":23}},"loc":{"start":{"line":589,"column":23},"end":{"line":607,"column":null}},"line":589},"20":{"name":"(anonymous_20)","decl":{"start":{"line":610,"column":4},"end":{"line":610,"column":22}},"loc":{"start":{"line":610,"column":22},"end":{"line":630,"column":null}},"line":610},"21":{"name":"(anonymous_21)","decl":{"start":{"line":633,"column":12},"end":{"line":633,"column":38}},"loc":{"start":{"line":633,"column":38},"end":{"line":642,"column":null}},"line":633},"22":{"name":"(anonymous_22)","decl":{"start":{"line":645,"column":4},"end":{"line":645,"column":25}},"loc":{"start":{"line":645,"column":25},"end":{"line":647,"column":null}},"line":645},"23":{"name":"(anonymous_23)","decl":{"start":{"line":650,"column":4},"end":{"line":650,"column":26}},"loc":{"start":{"line":650,"column":26},"end":{"line":652,"column":null}},"line":650},"24":{"name":"(anonymous_24)","decl":{"start":{"line":655,"column":4},"end":{"line":655,"column":91}},"loc":{"start":{"line":655,"column":91},"end":{"line":660,"column":null}},"line":655},"25":{"name":"(anonymous_25)","decl":{"start":{"line":658,"column":36},"end":{"line":658,"column":41}},"loc":{"start":{"line":658,"column":41},"end":{"line":658,"column":47}},"line":658},"26":{"name":"(anonymous_26)","decl":{"start":{"line":663,"column":4},"end":{"line":663,"column":14}},"loc":{"start":{"line":663,"column":39},"end":{"line":669,"column":null}},"line":663},"27":{"name":"(anonymous_27)","decl":{"start":{"line":664,"column":41},"end":{"line":664,"column":46}},"loc":{"start":{"line":664,"column":46},"end":{"line":664,"column":71}},"line":664},"28":{"name":"(anonymous_28)","decl":{"start":{"line":676,"column":4},"end":{"line":676,"column":19}},"loc":{"start":{"line":676,"column":53},"end":{"line":680,"column":null}},"line":676},"29":{"name":"(anonymous_29)","decl":{"start":{"line":678,"column":49},"end":{"line":678,"column":55}},"loc":{"start":{"line":678,"column":55},"end":{"line":678,"column":72}},"line":678},"30":{"name":"(anonymous_30)","decl":{"start":{"line":683,"column":4},"end":{"line":683,"column":26}},"loc":{"start":{"line":683,"column":26},"end":{"line":688,"column":null}},"line":683}},"branchMap":{"0":{"loc":{"start":{"line":77,"column":29},"end":{"line":77,"column":null}},"type":"binary-expr","locations":[{"start":{"line":77,"column":29},"end":{"line":77,"column":46}},{"start":{"line":77,"column":46},"end":{"line":77,"column":null}}],"line":77},"1":{"loc":{"start":{"line":78,"column":31},"end":{"line":78,"column":null}},"type":"binary-expr","locations":[{"start":{"line":78,"column":31},"end":{"line":78,"column":50}},{"start":{"line":78,"column":50},"end":{"line":78,"column":null}}],"line":78},"2":{"loc":{"start":{"line":106,"column":12},"end":{"line":109,"column":null}},"type":"if","locations":[{"start":{"line":106,"column":12},"end":{"line":109,"column":null}},{"start":{},"end":{}}],"line":106},"3":{"loc":{"start":{"line":118,"column":8},"end":{"line":121,"column":null}},"type":"if","locations":[{"start":{"line":118,"column":8},"end":{"line":121,"column":null}},{"start":{},"end":{}}],"line":118},"4":{"loc":{"start":{"line":123,"column":8},"end":{"line":126,"column":null}},"type":"if","locations":[{"start":{"line":123,"column":8},"end":{"line":126,"column":null}},{"start":{},"end":{}}],"line":123},"5":{"loc":{"start":{"line":147,"column":8},"end":{"line":147,"column":null}},"type":"if","locations":[{"start":{"line":147,"column":8},"end":{"line":147,"column":null}},{"start":{},"end":{}}],"line":147},"6":{"loc":{"start":{"line":151,"column":15},"end":{"line":151,"column":57}},"type":"binary-expr","locations":[{"start":{"line":151,"column":15},"end":{"line":151,"column":40}},{"start":{"line":151,"column":40},"end":{"line":151,"column":57}}],"line":151},"7":{"loc":{"start":{"line":160,"column":19},"end":{"line":160,"column":71}},"type":"binary-expr","locations":[{"start":{"line":160,"column":19},"end":{"line":160,"column":44}},{"start":{"line":160,"column":44},"end":{"line":160,"column":56}},{"start":{"line":160,"column":56},"end":{"line":160,"column":71}}],"line":160},"8":{"loc":{"start":{"line":161,"column":16},"end":{"line":164,"column":null}},"type":"if","locations":[{"start":{"line":161,"column":16},"end":{"line":164,"column":null}},{"start":{},"end":{}}],"line":161},"9":{"loc":{"start":{"line":170,"column":20},"end":{"line":174,"column":null}},"type":"if","locations":[{"start":{"line":170,"column":20},"end":{"line":174,"column":null}},{"start":{},"end":{}}],"line":170},"10":{"loc":{"start":{"line":177,"column":20},"end":{"line":184,"column":null}},"type":"if","locations":[{"start":{"line":177,"column":20},"end":{"line":184,"column":null}},{"start":{},"end":{}}],"line":177},"11":{"loc":{"start":{"line":186,"column":35},"end":{"line":186,"column":null}},"type":"cond-expr","locations":[{"start":{"line":186,"column":63},"end":{"line":186,"column":82}},{"start":{"line":186,"column":82},"end":{"line":186,"column":null}}],"line":186},"12":{"loc":{"start":{"line":188,"column":20},"end":{"line":194,"column":null}},"type":"if","locations":[{"start":{"line":188,"column":20},"end":{"line":194,"column":null}},{"start":{},"end":{}}],"line":188},"13":{"loc":{"start":{"line":190,"column":46},"end":{"line":190,"column":null}},"type":"binary-expr","locations":[{"start":{"line":190,"column":46},"end":{"line":190,"column":86}},{"start":{"line":190,"column":86},"end":{"line":190,"column":null}}],"line":190},"14":{"loc":{"start":{"line":191,"column":42},"end":{"line":191,"column":null}},"type":"cond-expr","locations":[{"start":{"line":191,"column":59},"end":{"line":191,"column":90}},{"start":{"line":191,"column":90},"end":{"line":191,"column":null}}],"line":191},"15":{"loc":{"start":{"line":201,"column":12},"end":{"line":204,"column":null}},"type":"if","locations":[{"start":{"line":201,"column":12},"end":{"line":204,"column":null}},{"start":{},"end":{}}],"line":201},"16":{"loc":{"start":{"line":220,"column":12},"end":{"line":253,"column":null}},"type":"if","locations":[{"start":{"line":220,"column":12},"end":{"line":253,"column":null}},{"start":{},"end":{}}],"line":220},"17":{"loc":{"start":{"line":222,"column":16},"end":{"line":252,"column":null}},"type":"if","locations":[{"start":{"line":222,"column":16},"end":{"line":252,"column":null}},{"start":{},"end":{}}],"line":222},"18":{"loc":{"start":{"line":230,"column":20},"end":{"line":240,"column":null}},"type":"if","locations":[{"start":{"line":230,"column":20},"end":{"line":240,"column":null}},{"start":{},"end":{}}],"line":230},"19":{"loc":{"start":{"line":238,"column":70},"end":{"line":238,"column":104}},"type":"cond-expr","locations":[{"start":{"line":238,"column":91},"end":{"line":238,"column":103}},{"start":{"line":238,"column":103},"end":{"line":238,"column":104}}],"line":238},"20":{"loc":{"start":{"line":242,"column":20},"end":{"line":251,"column":null}},"type":"if","locations":[{"start":{"line":242,"column":20},"end":{"line":251,"column":null}},{"start":{"line":245,"column":27},"end":{"line":251,"column":null}}],"line":242},"21":{"loc":{"start":{"line":256,"column":29},"end":{"line":257,"column":null}},"type":"binary-expr","locations":[{"start":{"line":256,"column":29},"end":{"line":256,"column":null}},{"start":{"line":257,"column":19},"end":{"line":257,"column":null}}],"line":256},"22":{"loc":{"start":{"line":257,"column":30},"end":{"line":257,"column":64}},"type":"binary-expr","locations":[{"start":{"line":257,"column":30},"end":{"line":257,"column":52}},{"start":{"line":257,"column":52},"end":{"line":257,"column":64}}],"line":257},"23":{"loc":{"start":{"line":264,"column":32},"end":{"line":264,"column":null}},"type":"binary-expr","locations":[{"start":{"line":264,"column":32},"end":{"line":264,"column":58}},{"start":{"line":264,"column":58},"end":{"line":264,"column":81}},{"start":{"line":264,"column":81},"end":{"line":264,"column":null}}],"line":264},"24":{"loc":{"start":{"line":265,"column":16},"end":{"line":267,"column":null}},"type":"if","locations":[{"start":{"line":265,"column":16},"end":{"line":267,"column":null}},{"start":{},"end":{}}],"line":265},"25":{"loc":{"start":{"line":268,"column":16},"end":{"line":270,"column":null}},"type":"if","locations":[{"start":{"line":268,"column":16},"end":{"line":270,"column":null}},{"start":{},"end":{}}],"line":268},"26":{"loc":{"start":{"line":279,"column":31},"end":{"line":279,"column":null}},"type":"cond-expr","locations":[{"start":{"line":279,"column":53},"end":{"line":279,"column":84}},{"start":{"line":279,"column":84},"end":{"line":279,"column":null}}],"line":279},"27":{"loc":{"start":{"line":307,"column":32},"end":{"line":307,"column":null}},"type":"binary-expr","locations":[{"start":{"line":307,"column":32},"end":{"line":307,"column":59}},{"start":{"line":307,"column":59},"end":{"line":307,"column":null}}],"line":307},"28":{"loc":{"start":{"line":311,"column":12},"end":{"line":382,"column":null}},"type":"if","locations":[{"start":{"line":311,"column":12},"end":{"line":382,"column":null}},{"start":{"line":351,"column":19},"end":{"line":382,"column":null}}],"line":311},"29":{"loc":{"start":{"line":322,"column":20},"end":{"line":325,"column":null}},"type":"if","locations":[{"start":{"line":322,"column":20},"end":{"line":325,"column":null}},{"start":{},"end":{}}],"line":322},"30":{"loc":{"start":{"line":322,"column":24},"end":{"line":322,"column":83}},"type":"binary-expr","locations":[{"start":{"line":322,"column":24},"end":{"line":322,"column":49}},{"start":{"line":322,"column":49},"end":{"line":322,"column":83}}],"line":322},"31":{"loc":{"start":{"line":326,"column":20},"end":{"line":329,"column":null}},"type":"if","locations":[{"start":{"line":326,"column":20},"end":{"line":329,"column":null}},{"start":{},"end":{}}],"line":326},"32":{"loc":{"start":{"line":330,"column":20},"end":{"line":333,"column":null}},"type":"if","locations":[{"start":{"line":330,"column":20},"end":{"line":333,"column":null}},{"start":{},"end":{}}],"line":330},"33":{"loc":{"start":{"line":338,"column":20},"end":{"line":343,"column":null}},"type":"if","locations":[{"start":{"line":338,"column":20},"end":{"line":343,"column":null}},{"start":{},"end":{}}],"line":338},"34":{"loc":{"start":{"line":338,"column":24},"end":{"line":338,"column":83}},"type":"binary-expr","locations":[{"start":{"line":338,"column":24},"end":{"line":338,"column":49}},{"start":{"line":338,"column":49},"end":{"line":338,"column":83}}],"line":338},"35":{"loc":{"start":{"line":344,"column":20},"end":{"line":346,"column":null}},"type":"if","locations":[{"start":{"line":344,"column":20},"end":{"line":346,"column":null}},{"start":{},"end":{}}],"line":344},"36":{"loc":{"start":{"line":347,"column":20},"end":{"line":349,"column":null}},"type":"if","locations":[{"start":{"line":347,"column":20},"end":{"line":349,"column":null}},{"start":{},"end":{}}],"line":347},"37":{"loc":{"start":{"line":362,"column":27},"end":{"line":362,"column":null}},"type":"binary-expr","locations":[{"start":{"line":362,"column":27},"end":{"line":362,"column":42}},{"start":{"line":362,"column":42},"end":{"line":362,"column":null}}],"line":362},"38":{"loc":{"start":{"line":369,"column":16},"end":{"line":372,"column":null}},"type":"if","locations":[{"start":{"line":369,"column":16},"end":{"line":372,"column":null}},{"start":{},"end":{}}],"line":369},"39":{"loc":{"start":{"line":369,"column":20},"end":{"line":369,"column":79}},"type":"binary-expr","locations":[{"start":{"line":369,"column":20},"end":{"line":369,"column":45}},{"start":{"line":369,"column":45},"end":{"line":369,"column":79}}],"line":369},"40":{"loc":{"start":{"line":373,"column":16},"end":{"line":376,"column":null}},"type":"if","locations":[{"start":{"line":373,"column":16},"end":{"line":376,"column":null}},{"start":{},"end":{}}],"line":373},"41":{"loc":{"start":{"line":377,"column":16},"end":{"line":380,"column":null}},"type":"if","locations":[{"start":{"line":377,"column":16},"end":{"line":380,"column":null}},{"start":{},"end":{}}],"line":377},"42":{"loc":{"start":{"line":402,"column":20},"end":{"line":412,"column":null}},"type":"if","locations":[{"start":{"line":402,"column":20},"end":{"line":412,"column":null}},{"start":{},"end":{}}],"line":402},"43":{"loc":{"start":{"line":404,"column":24},"end":{"line":411,"column":null}},"type":"if","locations":[{"start":{"line":404,"column":24},"end":{"line":411,"column":null}},{"start":{},"end":{}}],"line":404},"44":{"loc":{"start":{"line":406,"column":47},"end":{"line":406,"column":null}},"type":"cond-expr","locations":[{"start":{"line":406,"column":80},"end":{"line":406,"column":108}},{"start":{"line":406,"column":108},"end":{"line":406,"column":null}}],"line":406},"45":{"loc":{"start":{"line":407,"column":46},"end":{"line":407,"column":null}},"type":"cond-expr","locations":[{"start":{"line":407,"column":64},"end":{"line":407,"column":89}},{"start":{"line":407,"column":89},"end":{"line":407,"column":null}}],"line":407},"46":{"loc":{"start":{"line":432,"column":20},"end":{"line":445,"column":null}},"type":"if","locations":[{"start":{"line":432,"column":20},"end":{"line":445,"column":null}},{"start":{"line":443,"column":27},"end":{"line":445,"column":null}}],"line":432},"47":{"loc":{"start":{"line":474,"column":28},"end":{"line":474,"column":null}},"type":"cond-expr","locations":[{"start":{"line":474,"column":41},"end":{"line":474,"column":59}},{"start":{"line":474,"column":59},"end":{"line":474,"column":null}}],"line":474},"48":{"loc":{"start":{"line":479,"column":16},"end":{"line":492,"column":null}},"type":"if","locations":[{"start":{"line":479,"column":16},"end":{"line":492,"column":null}},{"start":{},"end":{}}],"line":479},"49":{"loc":{"start":{"line":481,"column":35},"end":{"line":481,"column":null}},"type":"cond-expr","locations":[{"start":{"line":481,"column":57},"end":{"line":481,"column":88}},{"start":{"line":481,"column":88},"end":{"line":481,"column":null}}],"line":481},"50":{"loc":{"start":{"line":483,"column":24},"end":{"line":489,"column":null}},"type":"if","locations":[{"start":{"line":483,"column":24},"end":{"line":489,"column":null}},{"start":{"line":486,"column":24},"end":{"line":489,"column":null}}],"line":483},"51":{"loc":{"start":{"line":486,"column":24},"end":{"line":489,"column":null}},"type":"if","locations":[{"start":{"line":486,"column":24},"end":{"line":489,"column":null}},{"start":{},"end":{}}],"line":486},"52":{"loc":{"start":{"line":486,"column":35},"end":{"line":486,"column":74}},"type":"binary-expr","locations":[{"start":{"line":486,"column":35},"end":{"line":486,"column":66}},{"start":{"line":486,"column":66},"end":{"line":486,"column":74}}],"line":486},"53":{"loc":{"start":{"line":494,"column":64},"end":{"line":494,"column":98}},"type":"cond-expr","locations":[{"start":{"line":494,"column":85},"end":{"line":494,"column":97}},{"start":{"line":494,"column":97},"end":{"line":494,"column":98}}],"line":494},"54":{"loc":{"start":{"line":504,"column":27},"end":{"line":504,"column":null}},"type":"binary-expr","locations":[{"start":{"line":504,"column":27},"end":{"line":504,"column":72}},{"start":{"line":504,"column":72},"end":{"line":504,"column":null}}],"line":504},"55":{"loc":{"start":{"line":508,"column":32},"end":{"line":508,"column":null}},"type":"binary-expr","locations":[{"start":{"line":508,"column":32},"end":{"line":508,"column":57}},{"start":{"line":508,"column":57},"end":{"line":508,"column":null}}],"line":508},"56":{"loc":{"start":{"line":509,"column":30},"end":{"line":509,"column":null}},"type":"cond-expr","locations":[{"start":{"line":509,"column":44},"end":{"line":509,"column":59}},{"start":{"line":509,"column":59},"end":{"line":509,"column":null}}],"line":509},"57":{"loc":{"start":{"line":514,"column":12},"end":{"line":527,"column":null}},"type":"if","locations":[{"start":{"line":514,"column":12},"end":{"line":527,"column":null}},{"start":{},"end":{}}],"line":514},"58":{"loc":{"start":{"line":514,"column":16},"end":{"line":514,"column":64}},"type":"binary-expr","locations":[{"start":{"line":514,"column":16},"end":{"line":514,"column":42}},{"start":{"line":514,"column":42},"end":{"line":514,"column":64}}],"line":514},"59":{"loc":{"start":{"line":517,"column":20},"end":{"line":523,"column":null}},"type":"if","locations":[{"start":{"line":517,"column":20},"end":{"line":523,"column":null}},{"start":{},"end":{}}],"line":517},"60":{"loc":{"start":{"line":525,"column":77},"end":{"line":525,"column":111}},"type":"cond-expr","locations":[{"start":{"line":525,"column":98},"end":{"line":525,"column":110}},{"start":{"line":525,"column":110},"end":{"line":525,"column":111}}],"line":525},"61":{"loc":{"start":{"line":533,"column":12},"end":{"line":536,"column":null}},"type":"if","locations":[{"start":{"line":533,"column":12},"end":{"line":536,"column":null}},{"start":{},"end":{}}],"line":533},"62":{"loc":{"start":{"line":544,"column":12},"end":{"line":544,"column":null}},"type":"if","locations":[{"start":{"line":544,"column":12},"end":{"line":544,"column":null}},{"start":{},"end":{}}],"line":544},"63":{"loc":{"start":{"line":564,"column":8},"end":{"line":567,"column":null}},"type":"if","locations":[{"start":{"line":564,"column":8},"end":{"line":567,"column":null}},{"start":{},"end":{}}],"line":564},"64":{"loc":{"start":{"line":575,"column":39},"end":{"line":575,"column":null}},"type":"binary-expr","locations":[{"start":{"line":575,"column":39},"end":{"line":575,"column":58}},{"start":{"line":575,"column":58},"end":{"line":575,"column":null}}],"line":575},"65":{"loc":{"start":{"line":579,"column":34},"end":{"line":579,"column":63}},"type":"binary-expr","locations":[{"start":{"line":579,"column":34},"end":{"line":579,"column":58}},{"start":{"line":579,"column":58},"end":{"line":579,"column":63}}],"line":579},"66":{"loc":{"start":{"line":596,"column":8},"end":{"line":599,"column":null}},"type":"if","locations":[{"start":{"line":596,"column":8},"end":{"line":599,"column":null}},{"start":{},"end":{}}],"line":596},"67":{"loc":{"start":{"line":618,"column":8},"end":{"line":622,"column":null}},"type":"if","locations":[{"start":{"line":618,"column":8},"end":{"line":622,"column":null}},{"start":{},"end":{}}],"line":618},"68":{"loc":{"start":{"line":634,"column":8},"end":{"line":637,"column":null}},"type":"if","locations":[{"start":{"line":634,"column":8},"end":{"line":637,"column":null}},{"start":{},"end":{}}],"line":634},"69":{"loc":{"start":{"line":638,"column":8},"end":{"line":641,"column":null}},"type":"if","locations":[{"start":{"line":638,"column":8},"end":{"line":641,"column":null}},{"start":{},"end":{}}],"line":638},"70":{"loc":{"start":{"line":657,"column":21},"end":{"line":657,"column":null}},"type":"cond-expr","locations":[{"start":{"line":657,"column":39},"end":{"line":657,"column":109}},{"start":{"line":657,"column":109},"end":{"line":657,"column":null}}],"line":657},"71":{"loc":{"start":{"line":665,"column":8},"end":{"line":665,"column":null}},"type":"if","locations":[{"start":{"line":665,"column":8},"end":{"line":665,"column":null}},{"start":{},"end":{}}],"line":665},"72":{"loc":{"start":{"line":684,"column":8},"end":{"line":687,"column":null}},"type":"if","locations":[{"start":{"line":684,"column":8},"end":{"line":687,"column":null}},{"start":{},"end":{}}],"line":684}},"s":{"0":1,"1":1,"2":1,"3":29,"4":29,"5":29,"6":29,"7":29,"8":29,"9":29,"10":29,"11":29,"12":29,"13":29,"14":29,"15":29,"16":29,"17":29,"18":29,"19":29,"20":29,"21":29,"22":29,"23":29,"24":29,"25":29,"26":29,"27":29,"28":29,"29":29,"30":29,"31":29,"32":29,"33":29,"34":29,"35":51,"36":51,"37":51,"38":51,"39":51,"40":0,"41":0,"42":0,"43":34,"44":1,"45":1,"46":33,"47":3,"48":1,"49":1,"50":32,"51":32,"52":32,"53":32,"54":32,"55":32,"56":17,"57":1,"58":32,"59":10,"60":22,"61":22,"62":22,"63":23,"64":23,"65":23,"66":23,"67":23,"68":23,"69":23,"70":23,"71":0,"72":0,"73":23,"74":23,"75":12,"76":2,"77":0,"78":0,"79":0,"80":2,"81":1,"82":1,"83":1,"84":1,"85":1,"86":1,"87":2,"88":2,"89":1,"90":1,"91":1,"92":1,"93":1,"94":14,"95":14,"96":14,"97":14,"98":14,"99":13,"100":23,"101":23,"102":23,"103":23,"104":23,"105":23,"106":2,"107":2,"108":2,"109":2,"110":2,"111":2,"112":1,"113":2,"114":1,"115":1,"116":1,"117":1,"118":1,"119":0,"120":0,"121":2,"122":1,"123":1,"124":1,"125":1,"126":1,"127":1,"128":22,"129":23,"130":23,"131":22,"132":22,"133":22,"134":23,"135":22,"136":22,"137":22,"138":22,"139":22,"140":22,"141":23,"142":22,"143":22,"144":22,"145":22,"146":22,"147":22,"148":22,"149":22,"150":22,"151":22,"152":22,"153":22,"154":22,"155":22,"156":22,"157":22,"158":22,"159":23,"160":22,"161":22,"162":22,"163":22,"164":1,"165":1,"166":22,"167":0,"168":0,"169":22,"170":0,"171":0,"172":22,"173":0,"174":0,"175":0,"176":0,"177":0,"178":0,"179":0,"180":0,"181":0,"182":0,"183":0,"184":0,"185":0,"186":0,"187":0,"188":0,"189":0,"190":0,"191":0,"192":0,"193":22,"194":22,"195":22,"196":22,"197":22,"198":22,"199":0,"200":0,"201":0,"202":22,"203":22,"204":0,"205":22,"206":22,"207":0,"208":0,"209":0,"210":0,"211":0,"212":0,"213":0,"214":0,"215":0,"216":0,"217":0,"218":0,"219":0,"220":22,"221":22,"222":22,"223":2,"224":1,"225":1,"226":1,"227":1,"228":1,"229":1,"230":0,"231":0,"232":1,"233":21,"234":21,"235":21,"236":21,"237":13,"238":13,"239":13,"240":13,"241":11,"242":11,"243":11,"244":11,"245":11,"246":11,"247":23,"248":23,"249":23,"250":6,"251":6,"252":6,"253":6,"254":6,"255":6,"256":0,"257":0,"258":0,"259":6,"260":0,"261":11,"262":11,"263":11,"264":23,"265":23,"266":23,"267":23,"268":23,"269":23,"270":11,"271":5,"272":5,"273":5,"274":5,"275":5,"276":5,"277":5,"278":5,"279":0,"280":11,"281":11,"282":10,"283":10,"284":0,"285":11,"286":2,"287":2,"288":2,"289":2,"290":2,"291":0,"292":2,"293":2,"294":80,"295":80,"296":0,"297":14,"298":13,"299":13,"300":1,"301":1,"302":1,"303":14,"304":14,"305":14,"306":0,"307":8,"308":8,"309":8,"310":8,"311":8,"312":8,"313":7,"314":7,"315":8,"316":14,"317":14,"318":8,"319":8,"320":2,"321":2,"322":2,"323":2,"324":2,"325":2,"326":2,"327":2,"328":2,"329":2,"330":4,"331":4,"332":2,"333":2,"334":23,"335":22,"336":22,"337":23,"338":22,"339":22,"340":5,"341":11,"342":5,"343":1,"344":2,"345":2,"346":2,"347":1,"348":1,"349":1,"350":1,"351":3,"352":3,"353":0,"354":3,"355":5,"356":2,"357":2},"f":{"0":29,"1":29,"2":29,"3":51,"4":34,"5":3,"6":32,"7":32,"8":17,"9":1,"10":32,"11":23,"12":1,"13":0,"14":0,"15":0,"16":0,"17":80,"18":14,"19":8,"20":2,"21":23,"22":5,"23":11,"24":5,"25":1,"26":2,"27":2,"28":3,"29":0,"30":5},"b":{"0":[29,0],"1":[29,0],"2":[0,51],"3":[1,33],"4":[1,32],"5":[10,22],"6":[22,23],"7":[23,35,23],"8":[0,23],"9":[0,2],"10":[1,1],"11":[1,0],"12":[1,1],"13":[1,0],"14":[0,1],"15":[14,0],"16":[2,21],"17":[2,0],"18":[1,1],"19":[0,0],"20":[1,1],"21":[22,22],"22":[22,0],"23":[22,21,21],"24":[22,1],"25":[22,0],"26":[1,21],"27":[22,0],"28":[22,0],"29":[1,21],"30":[22,1],"31":[0,22],"32":[0,22],"33":[0,0],"34":[0,0],"35":[0,0],"36":[0,0],"37":[0,0],"38":[0,0],"39":[0,0],"40":[0,0],"41":[0,0],"42":[0,0],"43":[0,0],"44":[0,0],"45":[0,0],"46":[1,1],"47":[11,0],"48":[6,17],"49":[0,6],"50":[6,0],"51":[0,0],"52":[0,0],"53":[0,0],"54":[11,11],"55":[23,11],"56":[0,11],"57":[5,6],"58":[11,5],"59":[5,0],"60":[0,0],"61":[10,1],"62":[2,0],"63":[13,1],"64":[1,1],"65":[14,1],"66":[7,1],"67":[2,0],"68":[22,1],"69":[22,1],"70":[4,1],"71":[1,1],"72":[2,3]},"meta":{"lastBranch":73,"lastFunction":31,"lastStatement":358,"seen":{"s:34:34:34:Infinity":0,"s:36:23:36:Infinity":1,"s:38:32:38:Infinity":2,"s:51:36:51:Infinity":3,"s:52:37:52:Infinity":4,"s:53:22:53:Infinity":5,"s:54:25:54:Infinity":6,"s:55:22:55:Infinity":7,"s:56:54:56:Infinity":8,"s:57:46:57:Infinity":9,"s:58:42:58:Infinity":10,"s:59:38:59:Infinity":11,"s:60:42:60:Infinity":12,"s:61:68:61:Infinity":13,"s:62:70:62:Infinity":14,"s:64:44:64:Infinity":15,"s:65:45:65:Infinity":16,"s:66:48:66:Infinity":17,"s:67:40:67:Infinity":18,"s:68:58:68:Infinity":19,"f:70:4:70:16":0,"s:71:8:71:Infinity":20,"s:72:8:72:Infinity":21,"s:73:8:73:Infinity":22,"s:74:8:74:Infinity":23,"s:75:8:75:Infinity":24,"s:76:8:76:Infinity":25,"s:77:8:77:Infinity":26,"b:77:29:77:46:77:46:77:Infinity":0,"s:78:8:78:Infinity":27,"b:78:31:78:50:78:50:78:Infinity":1,"s:81:8:81:Infinity":28,"s:82:8:82:Infinity":29,"s:83:8:83:Infinity":30,"f:89:12:89:39":1,"s:90:8:90:Infinity":31,"s:91:8:91:Infinity":32,"f:95:12:95:36":2,"s:96:8:96:Infinity":33,"s:97:8:97:Infinity":34,"f:101:12:101:40":3,"s:102:24:102:Infinity":35,"s:103:25:103:Infinity":36,"s:104:8:112:Infinity":37,"s:105:28:105:Infinity":38,"b:106:12:109:Infinity:undefined:undefined:undefined:undefined":2,"s:106:12:109:Infinity":39,"s:107:16:107:Infinity":40,"s:108:16:108:Infinity":41,"s:111:12:111:Infinity":42,"f:116:4:116:12":4,"b:118:8:121:Infinity:undefined:undefined:undefined:undefined":3,"s:118:8:121:Infinity":43,"s:119:12:119:Infinity":44,"s:120:12:120:Infinity":45,"b:123:8:126:Infinity:undefined:undefined:undefined:undefined":4,"s:123:8:126:Infinity":46,"f:123:28:123:33":5,"s:123:33:123:68":47,"s:124:12:124:Infinity":48,"s:125:12:125:Infinity":49,"s:127:8:132:Infinity":50,"f:127:33:127:34":6,"s:128:12:128:Infinity":51,"f:128:62:128:68":7,"s:128:68:128:77":52,"s:129:12:129:Infinity":53,"s:130:12:130:Infinity":54,"s:131:12:131:Infinity":55,"f:136:4:136:21":8,"s:137:8:137:Infinity":56,"f:141:4:141:21":9,"s:142:8:142:Infinity":57,"f:146:18:146:48":10,"b:147:8:147:Infinity:undefined:undefined:undefined:undefined":5,"s:147:8:147:Infinity":58,"s:147:31:147:39":59,"s:148:8:148:Infinity":60,"s:149:8:149:Infinity":61,"s:151:8:206:Infinity":62,"b:151:15:151:40:151:40:151:57":6,"s:152:24:152:Infinity":63,"s:153:12:153:Infinity":64,"s:154:12:154:Infinity":65,"s:156:18:156:Infinity":66,"s:157:26:157:Infinity":67,"s:158:26:158:Infinity":68,"s:160:12:197:Infinity":69,"b:160:19:160:44:160:44:160:56:160:56:160:71":7,"b:161:16:164:Infinity:undefined:undefined:undefined:undefined":8,"s:161:16:164:Infinity":70,"s:162:20:162:Infinity":71,"s:163:20:163:Infinity":72,"s:165:16:196:Infinity":73,"s:166:20:166:Infinity":74,"s:167:20:167:Infinity":75,"b:170:20:174:Infinity:undefined:undefined:undefined:undefined":9,"s:170:20:174:Infinity":76,"s:171:24:171:Infinity":77,"s:172:24:172:Infinity":78,"s:173:24:173:Infinity":79,"b:177:20:184:Infinity:undefined:undefined:undefined:undefined":10,"s:177:20:184:Infinity":80,"s:178:39:178:Infinity":81,"s:179:24:179:Infinity":82,"s:180:24:181:Infinity":83,"s:182:24:182:Infinity":84,"s:183:24:183:Infinity":85,"s:186:35:186:Infinity":86,"b:186:63:186:82:186:82:186:Infinity":11,"s:187:20:187:Infinity":87,"b:188:20:194:Infinity:undefined:undefined:undefined:undefined":12,"s:188:20:194:Infinity":88,"s:190:46:190:Infinity":89,"b:190:46:190:86:190:86:190:Infinity":13,"s:191:42:191:Infinity":90,"b:191:59:191:90:191:90:191:Infinity":14,"s:192:24:192:Infinity":91,"s:193:24:193:Infinity":92,"s:195:20:195:Infinity":93,"s:200:29:200:Infinity":94,"b:201:12:204:Infinity:undefined:undefined:undefined:undefined":15,"s:201:12:204:Infinity":95,"s:202:16:202:Infinity":96,"s:203:16:203:Infinity":97,"s:205:12:205:Infinity":98,"s:208:8:208:Infinity":99,"f:212:18:212:29":11,"s:213:25:213:Infinity":100,"s:214:30:214:Infinity":101,"s:215:29:215:Infinity":102,"s:216:27:216:Infinity":103,"s:218:8:549:Infinity":104,"b:220:12:253:Infinity:undefined:undefined:undefined:undefined":16,"s:220:12:253:Infinity":105,"s:221:34:221:Infinity":106,"b:222:16:252:Infinity:undefined:undefined:undefined:undefined":17,"s:222:16:252:Infinity":107,"s:223:20:223:Infinity":108,"s:224:33:224:Infinity":109,"s:225:36:225:Infinity":110,"s:226:33:227:Infinity":111,"f:226:48:226:Infinity":12,"s:227:24:227:87":112,"b:230:20:240:Infinity:undefined:undefined:undefined:undefined":18,"s:230:20:240:Infinity":113,"s:231:24:231:Infinity":114,"s:232:24:239:Infinity":115,"s:233:28:233:Infinity":116,"s:234:28:234:Infinity":117,"s:235:28:236:Infinity":118,"f:235:52:235:Infinity":13,"s:236:32:236:95":119,"s:238:28:238:Infinity":120,"b:238:91:238:103:238:103:238:104":19,"b:242:20:251:Infinity:245:27:251:Infinity":20,"s:242:20:251:Infinity":121,"s:243:24:243:Infinity":122,"s:244:24:244:Infinity":123,"s:246:24:246:Infinity":124,"s:247:24:248:Infinity":125,"s:249:24:249:Infinity":126,"s:250:24:250:Infinity":127,"s:256:29:257:Infinity":128,"b:256:29:256:Infinity:257:19:257:Infinity":21,"b:257:30:257:52:257:52:257:64":22,"s:258:12:258:Infinity":129,"s:259:12:259:Infinity":130,"s:262:12:271:Infinity":131,"s:263:46:263:Infinity":132,"s:264:32:264:Infinity":133,"b:264:32:264:58:264:58:264:81:264:81:264:Infinity":23,"b:265:16:267:Infinity:undefined:undefined:undefined:undefined":24,"s:265:16:267:Infinity":134,"s:266:20:266:Infinity":135,"b:268:16:270:Infinity:undefined:undefined:undefined:undefined":25,"s:268:16:270:Infinity":136,"s:269:20:269:Infinity":137,"s:274:12:274:Infinity":138,"s:278:22:278:Infinity":139,"s:279:31:279:Infinity":140,"b:279:53:279:84:279:84:279:Infinity":26,"s:280:16:280:Infinity":141,"s:283:12:283:Infinity":142,"s:284:12:284:Infinity":143,"s:287:12:287:Infinity":144,"s:288:31:288:Infinity":145,"s:291:48:291:Infinity":146,"s:292:12:292:Infinity":147,"s:293:12:293:Infinity":148,"s:296:29:296:Infinity":149,"s:297:27:297:Infinity":150,"s:298:25:298:Infinity":151,"s:299:26:299:Infinity":152,"s:300:24:300:Infinity":153,"s:301:24:301:Infinity":154,"s:302:26:302:Infinity":155,"s:303:28:303:Infinity":156,"s:304:32:304:Infinity":157,"s:307:32:307:Infinity":158,"b:307:32:307:59:307:59:307:Infinity":27,"b:311:12:382:Infinity:351:19:382:Infinity":28,"s:311:12:382:Infinity":159,"s:313:31:318:Infinity":160,"s:320:16:350:Infinity":161,"s:321:35:321:Infinity":162,"b:322:20:325:Infinity:undefined:undefined:undefined:undefined":29,"s:322:20:325:Infinity":163,"b:322:24:322:49:322:49:322:83":30,"s:323:24:323:Infinity":164,"s:324:24:324:Infinity":165,"b:326:20:329:Infinity:undefined:undefined:undefined:undefined":31,"s:326:20:329:Infinity":166,"s:327:24:327:Infinity":167,"s:328:24:328:Infinity":168,"b:330:20:333:Infinity:undefined:undefined:undefined:undefined":32,"s:330:20:333:Infinity":169,"s:331:24:331:Infinity":170,"s:332:24:332:Infinity":171,"s:334:20:334:Infinity":172,"s:337:20:337:Infinity":173,"b:338:20:343:Infinity:undefined:undefined:undefined:undefined":33,"s:338:20:343:Infinity":174,"b:338:24:338:49:338:49:338:83":34,"s:339:24:339:Infinity":175,"s:340:24:342:Infinity":176,"s:341:28:341:Infinity":177,"b:344:20:346:Infinity:undefined:undefined:undefined:undefined":35,"s:344:20:346:Infinity":178,"s:345:24:345:Infinity":179,"b:347:20:349:Infinity:undefined:undefined:undefined:undefined":36,"s:347:20:349:Infinity":180,"s:348:24:348:Infinity":181,"s:353:59:368:Infinity":182,"b:362:27:362:42:362:42:362:Infinity":37,"b:369:16:372:Infinity:undefined:undefined:undefined:undefined":38,"s:369:16:372:Infinity":183,"b:369:20:369:45:369:45:369:79":39,"s:370:20:370:Infinity":184,"s:371:20:371:Infinity":185,"b:373:16:376:Infinity:undefined:undefined:undefined:undefined":40,"s:373:16:376:Infinity":186,"s:374:20:374:Infinity":187,"s:375:20:375:Infinity":188,"b:377:16:380:Infinity:undefined:undefined:undefined:undefined":41,"s:377:16:380:Infinity":189,"s:378:20:378:Infinity":190,"s:379:20:379:Infinity":191,"s:381:16:381:Infinity":192,"s:385:27:385:Infinity":193,"s:386:32:386:Infinity":194,"s:387:12:387:Infinity":195,"s:388:12:388:Infinity":196,"s:389:35:389:Infinity":197,"s:392:12:394:Infinity":198,"f:392:46:392:58":14,"s:393:16:393:Infinity":199,"s:393:22:393:69":200,"s:393:83:393:130":201,"s:395:12:395:Infinity":202,"s:395:18:395:65":203,"s:395:79:395:126":204,"s:398:38:398:Infinity":205,"s:399:12:423:Infinity":206,"f:399:48:399:60":15,"s:400:16:415:Infinity":207,"s:401:37:401:Infinity":208,"b:402:20:412:Infinity:undefined:undefined:undefined:undefined":42,"s:402:20:412:Infinity":209,"s:403:47:403:Infinity":210,"b:404:24:411:Infinity:undefined:undefined:undefined:undefined":43,"s:404:24:411:Infinity":211,"s:405:28:405:Infinity":212,"s:406:47:406:Infinity":213,"b:406:80:406:108:406:108:406:Infinity":44,"s:407:46:407:Infinity":214,"b:407:64:407:89:407:89:407:Infinity":45,"s:408:48:408:Infinity":215,"s:409:28:409:Infinity":216,"s:410:28:410:Infinity":217,"s:418:16:422:Infinity":218,"s:419:20:419:Infinity":219,"s:426:12:465:Infinity":220,"s:429:16:446:Infinity":221,"s:430:20:430:Infinity":222,"b:432:20:445:Infinity:443:27:445:Infinity":46,"s:432:20:445:Infinity":223,"s:433:24:433:Infinity":224,"s:434:24:434:Infinity":225,"s:435:24:442:Infinity":226,"s:436:28:436:Infinity":227,"s:437:28:437:Infinity":228,"s:438:28:438:Infinity":229,"s:440:28:440:Infinity":230,"s:441:28:441:Infinity":231,"s:444:24:444:Infinity":232,"s:447:16:447:Infinity":233,"s:450:16:450:Infinity":234,"s:454:16:454:Infinity":235,"s:458:16:458:Infinity":236,"s:460:16:460:Infinity":237,"s:462:16:462:Infinity":238,"s:464:16:464:Infinity":239,"s:464:22:464:50":240,"s:467:12:467:Infinity":241,"s:468:12:468:Infinity":242,"s:469:31:469:Infinity":243,"s:470:12:470:Infinity":244,"s:473:31:473:Infinity":245,"s:474:28:474:Infinity":246,"b:474:41:474:59:474:59:474:Infinity":47,"s:477:12:495:Infinity":247,"s:478:22:478:Infinity":248,"b:479:16:492:Infinity:undefined:undefined:undefined:undefined":48,"s:479:16:492:Infinity":249,"s:480:26:480:Infinity":250,"s:481:35:481:Infinity":251,"b:481:57:481:88:481:88:481:Infinity":49,"s:482:20:490:Infinity":252,"b:483:24:489:Infinity:486:24:489:Infinity":50,"s:483:24:489:Infinity":253,"s:484:28:484:Infinity":254,"s:485:28:485:Infinity":255,"b:486:24:489:Infinity:undefined:undefined:undefined:undefined":51,"s:486:24:489:Infinity":256,"b:486:35:486:66:486:66:486:74":52,"s:487:28:487:Infinity":257,"s:488:28:488:Infinity":258,"s:491:20:491:Infinity":259,"s:494:16:494:Infinity":260,"b:494:85:494:97:494:97:494:98":53,"s:498:18:498:Infinity":261,"s:501:46:501:Infinity":262,"s:504:27:504:Infinity":263,"b:504:27:504:72:504:72:504:Infinity":54,"s:506:31:506:Infinity":264,"s:507:33:507:Infinity":265,"s:508:32:508:Infinity":266,"b:508:32:508:57:508:57:508:Infinity":55,"s:509:30:509:Infinity":267,"b:509:44:509:59:509:59:509:Infinity":56,"s:510:12:510:Infinity":268,"s:511:12:511:Infinity":269,"b:514:12:527:Infinity:undefined:undefined:undefined:undefined":57,"s:514:12:527:Infinity":270,"b:514:16:514:42:514:42:514:64":58,"s:515:16:526:Infinity":271,"s:516:26:516:Infinity":272,"b:517:20:523:Infinity:undefined:undefined:undefined:undefined":59,"s:517:20:523:Infinity":273,"s:518:24:518:Infinity":274,"s:519:30:519:Infinity":275,"s:520:30:520:Infinity":276,"s:521:24:521:Infinity":277,"s:522:24:522:Infinity":278,"s:525:20:525:Infinity":279,"b:525:98:525:110:525:110:525:111":60,"s:530:12:530:Infinity":280,"b:533:12:536:Infinity:undefined:undefined:undefined:undefined":61,"s:533:12:536:Infinity":281,"s:534:16:534:Infinity":282,"s:535:16:535:Infinity":283,"f:535:27:535:33":16,"s:535:33:535:84":284,"s:538:12:538:Infinity":285,"s:540:12:540:Infinity":286,"s:541:12:541:Infinity":287,"b:544:12:544:Infinity:undefined:undefined:undefined:undefined":62,"s:544:12:544:Infinity":288,"s:544:32:544:157":289,"s:544:38:544:88":290,"s:544:102:544:155":291,"s:546:12:546:Infinity":292,"s:548:12:548:Infinity":293,"f:553:18:553:29":17,"s:554:8:558:Infinity":294,"s:555:12:555:Infinity":295,"s:557:12:557:Infinity":296,"f:562:12:562:28":18,"b:564:8:567:Infinity:undefined:undefined:undefined:undefined":63,"s:564:8:567:Infinity":297,"s:565:12:565:Infinity":298,"s:566:12:566:Infinity":299,"s:568:8:585:Infinity":300,"s:569:45:574:Infinity":301,"s:575:39:575:Infinity":302,"b:575:39:575:58:575:58:575:Infinity":64,"s:576:31:576:Infinity":303,"s:577:12:581:Infinity":304,"b:579:34:579:58:579:58:579:63":65,"s:582:12:582:Infinity":305,"s:584:12:584:Infinity":306,"f:589:4:589:23":19,"s:590:8:590:Infinity":307,"s:591:8:591:Infinity":308,"s:592:8:592:Infinity":309,"s:593:8:593:Infinity":310,"s:595:8:595:Infinity":311,"b:596:8:599:Infinity:undefined:undefined:undefined:undefined":66,"s:596:8:599:Infinity":312,"s:597:12:597:Infinity":313,"s:598:12:598:Infinity":314,"s:601:8:604:Infinity":315,"s:602:12:602:Infinity":316,"s:603:12:603:Infinity":317,"s:605:8:605:Infinity":318,"s:606:8:606:Infinity":319,"f:610:4:610:22":20,"s:611:8:611:Infinity":320,"s:612:8:612:Infinity":321,"s:613:8:613:Infinity":322,"s:614:8:614:Infinity":323,"s:616:8:616:Infinity":324,"b:618:8:622:Infinity:undefined:undefined:undefined:undefined":67,"s:618:8:622:Infinity":325,"s:619:12:619:Infinity":326,"s:620:12:620:Infinity":327,"s:621:12:621:Infinity":328,"s:624:8:627:Infinity":329,"s:625:12:625:Infinity":330,"s:626:12:626:Infinity":331,"s:628:8:628:Infinity":332,"s:629:8:629:Infinity":333,"f:633:12:633:38":21,"b:634:8:637:Infinity:undefined:undefined:undefined:undefined":68,"s:634:8:637:Infinity":334,"s:635:12:635:Infinity":335,"s:636:12:636:Infinity":336,"b:638:8:641:Infinity:undefined:undefined:undefined:undefined":69,"s:638:8:641:Infinity":337,"s:639:12:639:Infinity":338,"s:640:12:640:Infinity":339,"f:645:4:645:25":22,"s:646:8:646:Infinity":340,"f:650:4:650:26":23,"s:651:8:651:Infinity":341,"f:655:4:655:91":24,"s:656:8:659:Infinity":342,"b:657:39:657:109:657:109:657:Infinity":70,"f:658:36:658:41":25,"s:658:41:658:47":343,"f:663:4:663:14":26,"s:664:20:664:Infinity":344,"f:664:41:664:46":27,"s:664:46:664:71":345,"b:665:8:665:Infinity:undefined:undefined:undefined:undefined":71,"s:665:8:665:Infinity":346,"s:665:26:665:40":347,"s:666:8:666:Infinity":348,"s:667:8:667:Infinity":349,"s:668:8:668:Infinity":350,"f:676:4:676:19":28,"s:677:8:677:Infinity":351,"s:678:8:678:Infinity":352,"f:678:49:678:55":29,"s:678:55:678:72":353,"s:679:8:679:Infinity":354,"f:683:4:683:26":30,"b:684:8:687:Infinity:undefined:undefined:undefined:undefined":72,"s:684:8:687:Infinity":355,"s:685:12:685:Infinity":356,"s:686:12:686:Infinity":357}}}
}
